<?xml version="1.0" encoding="UTF-8"?>
<!-- Generated by org.testng.reporters.JUnitReportReporter -->
<testsuite hostname="WIN7-PC" name="SeleniumPractice.GTPLTDD.Test.LoginPageTest" tests="2" failures="0" timestamp="19 Jan 2019 13:11:09 GMT" time="82.055" errors="0">
  <testcase name="LoginNegativeTestScneario" time="29.602" classname="SeleniumPractice.GTPLTDD.Test.LoginPageTest"/>
  <testcase name="LoginPositiveTestScneario" time="52.453" classname="SeleniumPractice.GTPLTDD.Test.LoginPageTest"/>
</testsuite> <!-- SeleniumPractice.GTPLTDD.Test.LoginPageTest -->
